<?xml version="1.0" encoding="UTF-8"?>
<testsuite xmlns:xsi="http://www.w3.org/2001/XMLSchema-instance" xsi:noNamespaceSchemaLocation="https://maven.apache.org/surefire/maven-surefire-plugin/xsd/surefire-test-report.xsd" name="TestSuite" time="25.932" tests="3" errors="0" skipped="0" failures="0">
  <properties>
    <property name="gopherProxySet" value="false"/>
    <property name="awt.toolkit" value="sun.lwawt.macosx.LWCToolkit"/>
    <property name="file.encoding.pkg" value="sun.io"/>
    <property name="java.specification.version" value="1.8"/>
    <property name="sun.cpu.isalist" value=""/>
    <property name="sun.jnu.encoding" value="UTF-8"/>
    <property name="java.class.path" value="/Users/tanumukherjee/eclipse-workspace/mindvalley_UI/target/test-classes:/Users/tanumukherjee/eclipse-workspace/mindvalley_UI/target/classes:/Users/tanumukherjee/.m2/repository/junit/junit/3.8.1/junit-3.8.1.jar:/Users/tanumukherjee/.m2/repository/com/relevantcodes/extentreports/2.05/extentreports-2.05.jar:/Users/tanumukherjee/.m2/repository/org/apache/logging/log4j/log4j-api/2.6.1/log4j-api-2.6.1.jar:/Users/tanumukherjee/.m2/repository/org/apache/logging/log4j/log4j-core/2.6.1/log4j-core-2.6.1.jar:/Users/tanumukherjee/.m2/repository/org/seleniumhq/selenium/selenium-java/3.13.0/selenium-java-3.13.0.jar:/Users/tanumukherjee/.m2/repository/org/seleniumhq/selenium/selenium-api/3.13.0/selenium-api-3.13.0.jar:/Users/tanumukherjee/.m2/repository/org/seleniumhq/selenium/selenium-chrome-driver/3.13.0/selenium-chrome-driver-3.13.0.jar:/Users/tanumukherjee/.m2/repository/org/seleniumhq/selenium/selenium-edge-driver/3.13.0/selenium-edge-driver-3.13.0.jar:/Users/tanumukherjee/.m2/repository/org/seleniumhq/selenium/selenium-firefox-driver/3.13.0/selenium-firefox-driver-3.13.0.jar:/Users/tanumukherjee/.m2/repository/org/seleniumhq/selenium/selenium-ie-driver/3.13.0/selenium-ie-driver-3.13.0.jar:/Users/tanumukherjee/.m2/repository/org/seleniumhq/selenium/selenium-opera-driver/3.13.0/selenium-opera-driver-3.13.0.jar:/Users/tanumukherjee/.m2/repository/org/seleniumhq/selenium/selenium-remote-driver/3.13.0/selenium-remote-driver-3.13.0.jar:/Users/tanumukherjee/.m2/repository/org/seleniumhq/selenium/selenium-safari-driver/3.13.0/selenium-safari-driver-3.13.0.jar:/Users/tanumukherjee/.m2/repository/org/seleniumhq/selenium/selenium-support/3.13.0/selenium-support-3.13.0.jar:/Users/tanumukherjee/.m2/repository/net/bytebuddy/byte-buddy/1.8.3/byte-buddy-1.8.3.jar:/Users/tanumukherjee/.m2/repository/org/apache/commons/commons-exec/1.3/commons-exec-1.3.jar:/Users/tanumukherjee/.m2/repository/commons-codec/commons-codec/1.10/commons-codec-1.10.jar:/Users/tanumukherjee/.m2/repository/commons-logging/commons-logging/1.2/commons-logging-1.2.jar:/Users/tanumukherjee/.m2/repository/com/google/code/gson/gson/2.8.4/gson-2.8.4.jar:/Users/tanumukherjee/.m2/repository/com/google/guava/guava/25.0-jre/guava-25.0-jre.jar:/Users/tanumukherjee/.m2/repository/com/google/code/findbugs/jsr305/1.3.9/jsr305-1.3.9.jar:/Users/tanumukherjee/.m2/repository/org/checkerframework/checker-compat-qual/2.0.0/checker-compat-qual-2.0.0.jar:/Users/tanumukherjee/.m2/repository/com/google/errorprone/error_prone_annotations/2.1.3/error_prone_annotations-2.1.3.jar:/Users/tanumukherjee/.m2/repository/com/google/j2objc/j2objc-annotations/1.1/j2objc-annotations-1.1.jar:/Users/tanumukherjee/.m2/repository/org/codehaus/mojo/animal-sniffer-annotations/1.14/animal-sniffer-annotations-1.14.jar:/Users/tanumukherjee/.m2/repository/org/apache/httpcomponents/httpclient/4.5.5/httpclient-4.5.5.jar:/Users/tanumukherjee/.m2/repository/org/apache/httpcomponents/httpcore/4.4.9/httpcore-4.4.9.jar:/Users/tanumukherjee/.m2/repository/com/squareup/okhttp3/okhttp/3.10.0/okhttp-3.10.0.jar:/Users/tanumukherjee/.m2/repository/com/squareup/okio/okio/1.14.1/okio-1.14.1.jar:/Users/tanumukherjee/.m2/repository/org/testng/testng/6.14.3/testng-6.14.3.jar:/Users/tanumukherjee/.m2/repository/com/beust/jcommander/1.72/jcommander-1.72.jar:/Users/tanumukherjee/.m2/repository/org/apache-extras/beanshell/bsh/2.0b6/bsh-2.0b6.jar:/Users/tanumukherjee/.m2/repository/org/awaitility/awaitility/3.1.2/awaitility-3.1.2.jar:/Users/tanumukherjee/.m2/repository/org/hamcrest/hamcrest-library/1.3/hamcrest-library-1.3.jar:/Users/tanumukherjee/.m2/repository/org/hamcrest/hamcrest-core/1.3/hamcrest-core-1.3.jar:/Users/tanumukherjee/.m2/repository/org/objenesis/objenesis/2.6/objenesis-2.6.jar:/Users/tanumukherjee/.m2/repository/com/fasterxml/jackson/core/jackson-core/2.9.6/jackson-core-2.9.6.jar:/Users/tanumukherjee/.m2/repository/com/fasterxml/jackson/core/jackson-annotations/2.9.6/jackson-annotations-2.9.6.jar:/Users/tanumukherjee/.m2/repository/com/fasterxml/jackson/core/jackson-databind/2.9.6/jackson-databind-2.9.6.jar:/Users/tanumukherjee/.m2/repository/commons-io/commons-io/1.3.2/commons-io-1.3.2.jar:/Users/tanumukherjee/.m2/repository/org/apache/maven/surefire/surefire-testng-utils/2.20.1/surefire-testng-utils-2.20.1.jar:/Users/tanumukherjee/.m2/repository/org/apache/maven/surefire/surefire-grouper/2.20.1/surefire-grouper-2.20.1.jar:"/>
    <property name="java.vm.vendor" value="Oracle Corporation"/>
    <property name="sun.arch.data.model" value="64"/>
    <property name="java.vendor.url" value="http://java.oracle.com/"/>
    <property name="user.timezone" value=""/>
    <property name="java.vm.specification.version" value="1.8"/>
    <property name="os.name" value="Mac OS X"/>
    <property name="user.country" value="US"/>
    <property name="sun.java.launcher" value="SUN_STANDARD"/>
    <property name="sun.boot.library.path" value="/Library/Java/JavaVirtualMachines/jdk1.8.0_151.jdk/Contents/Home/jre/lib"/>
    <property name="sun.java.command" value="/Users/tanumukherjee/eclipse-workspace/mindvalley_UI/target/surefire/surefirebooter7890842575803355866.jar /Users/tanumukherjee/eclipse-workspace/mindvalley_UI/target/surefire 2018-08-02T13-56-40_204-jvmRun1 surefire5542569649442023780tmp surefire_0109247517248450019tmp"/>
    <property name="surefire.test.class.path" value="/Users/tanumukherjee/eclipse-workspace/mindvalley_UI/target/test-classes:/Users/tanumukherjee/eclipse-workspace/mindvalley_UI/target/classes:/Users/tanumukherjee/.m2/repository/junit/junit/3.8.1/junit-3.8.1.jar:/Users/tanumukherjee/.m2/repository/com/relevantcodes/extentreports/2.05/extentreports-2.05.jar:/Users/tanumukherjee/.m2/repository/org/apache/logging/log4j/log4j-api/2.6.1/log4j-api-2.6.1.jar:/Users/tanumukherjee/.m2/repository/org/apache/logging/log4j/log4j-core/2.6.1/log4j-core-2.6.1.jar:/Users/tanumukherjee/.m2/repository/org/seleniumhq/selenium/selenium-java/3.13.0/selenium-java-3.13.0.jar:/Users/tanumukherjee/.m2/repository/org/seleniumhq/selenium/selenium-api/3.13.0/selenium-api-3.13.0.jar:/Users/tanumukherjee/.m2/repository/org/seleniumhq/selenium/selenium-chrome-driver/3.13.0/selenium-chrome-driver-3.13.0.jar:/Users/tanumukherjee/.m2/repository/org/seleniumhq/selenium/selenium-edge-driver/3.13.0/selenium-edge-driver-3.13.0.jar:/Users/tanumukherjee/.m2/repository/org/seleniumhq/selenium/selenium-firefox-driver/3.13.0/selenium-firefox-driver-3.13.0.jar:/Users/tanumukherjee/.m2/repository/org/seleniumhq/selenium/selenium-ie-driver/3.13.0/selenium-ie-driver-3.13.0.jar:/Users/tanumukherjee/.m2/repository/org/seleniumhq/selenium/selenium-opera-driver/3.13.0/selenium-opera-driver-3.13.0.jar:/Users/tanumukherjee/.m2/repository/org/seleniumhq/selenium/selenium-remote-driver/3.13.0/selenium-remote-driver-3.13.0.jar:/Users/tanumukherjee/.m2/repository/org/seleniumhq/selenium/selenium-safari-driver/3.13.0/selenium-safari-driver-3.13.0.jar:/Users/tanumukherjee/.m2/repository/org/seleniumhq/selenium/selenium-support/3.13.0/selenium-support-3.13.0.jar:/Users/tanumukherjee/.m2/repository/net/bytebuddy/byte-buddy/1.8.3/byte-buddy-1.8.3.jar:/Users/tanumukherjee/.m2/repository/org/apache/commons/commons-exec/1.3/commons-exec-1.3.jar:/Users/tanumukherjee/.m2/repository/commons-codec/commons-codec/1.10/commons-codec-1.10.jar:/Users/tanumukherjee/.m2/repository/commons-logging/commons-logging/1.2/commons-logging-1.2.jar:/Users/tanumukherjee/.m2/repository/com/google/code/gson/gson/2.8.4/gson-2.8.4.jar:/Users/tanumukherjee/.m2/repository/com/google/guava/guava/25.0-jre/guava-25.0-jre.jar:/Users/tanumukherjee/.m2/repository/com/google/code/findbugs/jsr305/1.3.9/jsr305-1.3.9.jar:/Users/tanumukherjee/.m2/repository/org/checkerframework/checker-compat-qual/2.0.0/checker-compat-qual-2.0.0.jar:/Users/tanumukherjee/.m2/repository/com/google/errorprone/error_prone_annotations/2.1.3/error_prone_annotations-2.1.3.jar:/Users/tanumukherjee/.m2/repository/com/google/j2objc/j2objc-annotations/1.1/j2objc-annotations-1.1.jar:/Users/tanumukherjee/.m2/repository/org/codehaus/mojo/animal-sniffer-annotations/1.14/animal-sniffer-annotations-1.14.jar:/Users/tanumukherjee/.m2/repository/org/apache/httpcomponents/httpclient/4.5.5/httpclient-4.5.5.jar:/Users/tanumukherjee/.m2/repository/org/apache/httpcomponents/httpcore/4.4.9/httpcore-4.4.9.jar:/Users/tanumukherjee/.m2/repository/com/squareup/okhttp3/okhttp/3.10.0/okhttp-3.10.0.jar:/Users/tanumukherjee/.m2/repository/com/squareup/okio/okio/1.14.1/okio-1.14.1.jar:/Users/tanumukherjee/.m2/repository/org/testng/testng/6.14.3/testng-6.14.3.jar:/Users/tanumukherjee/.m2/repository/com/beust/jcommander/1.72/jcommander-1.72.jar:/Users/tanumukherjee/.m2/repository/org/apache-extras/beanshell/bsh/2.0b6/bsh-2.0b6.jar:/Users/tanumukherjee/.m2/repository/org/awaitility/awaitility/3.1.2/awaitility-3.1.2.jar:/Users/tanumukherjee/.m2/repository/org/hamcrest/hamcrest-library/1.3/hamcrest-library-1.3.jar:/Users/tanumukherjee/.m2/repository/org/hamcrest/hamcrest-core/1.3/hamcrest-core-1.3.jar:/Users/tanumukherjee/.m2/repository/org/objenesis/objenesis/2.6/objenesis-2.6.jar:/Users/tanumukherjee/.m2/repository/com/fasterxml/jackson/core/jackson-core/2.9.6/jackson-core-2.9.6.jar:/Users/tanumukherjee/.m2/repository/com/fasterxml/jackson/core/jackson-annotations/2.9.6/jackson-annotations-2.9.6.jar:/Users/tanumukherjee/.m2/repository/com/fasterxml/jackson/core/jackson-databind/2.9.6/jackson-databind-2.9.6.jar:/Users/tanumukherjee/.m2/repository/commons-io/commons-io/1.3.2/commons-io-1.3.2.jar:/Users/tanumukherjee/.m2/repository/org/apache/maven/surefire/surefire-testng-utils/2.20.1/surefire-testng-utils-2.20.1.jar:/Users/tanumukherjee/.m2/repository/org/apache/maven/surefire/surefire-grouper/2.20.1/surefire-grouper-2.20.1.jar:"/>
    <property name="sun.cpu.endian" value="little"/>
    <property name="user.home" value="/Users/tanumukherjee"/>
    <property name="user.language" value="en"/>
    <property name="java.specification.vendor" value="Oracle Corporation"/>
    <property name="java.home" value="/Library/Java/JavaVirtualMachines/jdk1.8.0_151.jdk/Contents/Home/jre"/>
    <property name="basedir" value="/Users/tanumukherjee/eclipse-workspace/mindvalley_UI"/>
    <property name="file.separator" value="/"/>
    <property name="line.separator" value="&#10;"/>
    <property name="java.vm.specification.vendor" value="Oracle Corporation"/>
    <property name="java.specification.name" value="Java Platform API Specification"/>
    <property name="java.awt.graphicsenv" value="sun.awt.CGraphicsEnvironment"/>
    <property name="surefire.real.class.path" value="/Users/tanumukherjee/eclipse-workspace/mindvalley_UI/target/surefire/surefirebooter7890842575803355866.jar"/>
    <property name="sun.boot.class.path" value="/Library/Java/JavaVirtualMachines/jdk1.8.0_151.jdk/Contents/Home/jre/lib/resources.jar:/Library/Java/JavaVirtualMachines/jdk1.8.0_151.jdk/Contents/Home/jre/lib/rt.jar:/Library/Java/JavaVirtualMachines/jdk1.8.0_151.jdk/Contents/Home/jre/lib/sunrsasign.jar:/Library/Java/JavaVirtualMachines/jdk1.8.0_151.jdk/Contents/Home/jre/lib/jsse.jar:/Library/Java/JavaVirtualMachines/jdk1.8.0_151.jdk/Contents/Home/jre/lib/jce.jar:/Library/Java/JavaVirtualMachines/jdk1.8.0_151.jdk/Contents/Home/jre/lib/charsets.jar:/Library/Java/JavaVirtualMachines/jdk1.8.0_151.jdk/Contents/Home/jre/lib/jfr.jar:/Library/Java/JavaVirtualMachines/jdk1.8.0_151.jdk/Contents/Home/jre/classes"/>
    <property name="sun.management.compiler" value="HotSpot 64-Bit Tiered Compilers"/>
    <property name="java.runtime.version" value="1.8.0_151-b12"/>
    <property name="user.name" value="tanumukherjee"/>
    <property name="path.separator" value=":"/>
    <property name="os.version" value="10.13.5"/>
    <property name="java.endorsed.dirs" value="/Library/Java/JavaVirtualMachines/jdk1.8.0_151.jdk/Contents/Home/jre/lib/endorsed"/>
    <property name="java.runtime.name" value="Java(TM) SE Runtime Environment"/>
    <property name="file.encoding" value="UTF-8"/>
    <property name="java.vm.name" value="Java HotSpot(TM) 64-Bit Server VM"/>
    <property name="localRepository" value="/Users/tanumukherjee/.m2/repository"/>
    <property name="java.vendor.url.bug" value="http://bugreport.sun.com/bugreport/"/>
    <property name="java.io.tmpdir" value="/var/folders/d2/6m6mnjpx7w711442w9k4cxs00000gn/T/"/>
    <property name="java.version" value="1.8.0_151"/>
    <property name="user.dir" value="/Users/tanumukherjee/eclipse-workspace/mindvalley_UI"/>
    <property name="os.arch" value="x86_64"/>
    <property name="java.vm.specification.name" value="Java Virtual Machine Specification"/>
    <property name="java.awt.printerjob" value="sun.lwawt.macosx.CPrinterJob"/>
    <property name="sun.os.patch.level" value="unknown"/>
    <property name="java.library.path" value="/Users/tanumukherjee/Library/Java/Extensions:/Library/Java/Extensions:/Network/Library/Java/Extensions:/System/Library/Java/Extensions:/usr/lib/java:."/>
    <property name="java.vm.info" value="mixed mode"/>
    <property name="java.vendor" value="Oracle Corporation"/>
    <property name="java.vm.version" value="25.151-b12"/>
    <property name="java.ext.dirs" value="/Users/tanumukherjee/Library/Java/Extensions:/Library/Java/JavaVirtualMachines/jdk1.8.0_151.jdk/Contents/Home/jre/lib/ext:/Library/Java/Extensions:/Network/Library/Java/Extensions:/System/Library/Java/Extensions:/usr/lib/java"/>
    <property name="sun.io.unicode.encoding" value="UnicodeBig"/>
    <property name="java.class.version" value="52.0"/>
  </properties>
  <testcase name="verifyLoginTest" classname="testcases.VerifyHomePage" time="10.713"/>
  <testcase name="verifyForgotPasswordTest" classname="testcases.VerifyHomePage" time="2.169"/>
  <testcase name="verifySuccessfulLogin" classname="testcases.VerifyHomePage" time="1.236"/>
</testsuite>