<?xml version="1.0" encoding="UTF-8"?>
<!-- Generated by org.testng.reporters.JUnitReportReporter -->
<testsuite skipped="0" hostname="Tanus-MacBook-Pro.local" name="testcases.VerifyHomePage" tests="3" failures="0" timestamp="02 Aug 2018 08:27:06 GMT" time="14.117" errors="0">
  <testcase name="verifyLoginTest" time="10.714" classname="testcases.VerifyHomePage"/>
  <testcase name="verifyForgotPasswordTest" time="2.168" classname="testcases.VerifyHomePage"/>
  <testcase name="verifySuccessfulLogin" time="1.235" classname="testcases.VerifyHomePage"/>
</testsuite> <!-- testcases.VerifyHomePage -->
